<?xml version="1.0" encoding="UTF-8"?>
<testng-results skipped="0" failed="0" total="0" passed="0">
  <reporter-output>
  </reporter-output>
  <suite name="com.zmx.test.jta.JTATest" duration-ms="5" started-at="2017-07-17T08:37:36Z" finished-at="2017-07-17T08:37:36Z">
    <groups>
    </groups>
    <test name="Command line test" duration-ms="5" started-at="2017-07-17T08:37:36Z" finished-at="2017-07-17T08:37:36Z">
    </test> <!-- Command line test -->
  </suite> <!-- com.zmx.test.jta.JTATest -->
</testng-results>
